<?xml version="1.0" encoding="UTF-8"?>
<testng-results ignored="0" total="1" passed="1" failed="0" skipped="0">
  <reporter-output>
  </reporter-output>
  <suite started-at="2022-10-13T18:23:42 IST" name="Default suite" finished-at="2022-10-13T18:23:50 IST" duration-ms="7598">
    <groups>
    </groups>
    <test started-at="2022-10-13T18:23:42 IST" name="Default test" finished-at="2022-10-13T18:23:50 IST" duration-ms="7598">
      <class name="pack1.Actiondemo">
        <test-method signature="Actiontime()[pri:0, instance:pack1.Actiondemo@51dcb805]" started-at="2022-10-13T18:23:42 IST" name="Actiontime" finished-at="2022-10-13T18:23:50 IST" duration-ms="7541" status="PASS">
          <reporter-output>
          </reporter-output>
        </test-method> <!-- Actiontime -->
      </class> <!-- pack1.Actiondemo -->
    </test> <!-- Default test -->
  </suite> <!-- Default suite -->
</testng-results>
